2024-07-28 23:31:47 [main] INFO  LoggerConfig:22 - Login page opened
2024-07-28 23:31:50 [main] INFO  LoggerConfig:27 - Entering valid username into the username field
2024-07-28 23:31:50 [main] INFO  LoggerConfig:29 - username entered successfully
2024-07-28 23:31:53 [main] INFO  LoggerConfig:34 - Entering valid password into the password field
2024-07-28 23:31:53 [main] INFO  LoggerConfig:36 - password entered successfully
2024-07-28 23:31:55 [main] INFO  LoggerConfig:41 - Clicking login button
2024-07-28 23:31:58 [main] INFO  LoggerConfig:43 - login button clicked
2024-07-28 23:32:00 [main] INFO  LoggerConfig:48 - User is navigated to the search hotel page
2024-07-28 23:32:31 [main] INFO  LoggerConfig:22 - Login page opened
2024-07-28 23:32:34 [main] INFO  LoggerConfig:27 - Entering valid username into the username field
2024-07-28 23:32:34 [main] INFO  LoggerConfig:29 - username entered successfully
2024-07-28 23:32:36 [main] INFO  LoggerConfig:34 - Entering valid password into the password field
2024-07-28 23:32:37 [main] INFO  LoggerConfig:36 - password entered successfully
2024-07-28 23:32:39 [main] INFO  LoggerConfig:41 - Clicking login button
2024-07-28 23:32:41 [main] INFO  LoggerConfig:43 - login button clicked
2024-07-28 23:32:43 [main] INFO  LoggerConfig:48 - User is navigated to the search hotel page
2024-07-28 23:33:14 [main] INFO  LoggerConfig:22 - Login page opened
2024-07-28 23:33:16 [main] INFO  LoggerConfig:27 - Entering valid username into the username field
2024-07-28 23:33:17 [main] INFO  LoggerConfig:29 - username entered successfully
2024-07-28 23:33:19 [main] INFO  LoggerConfig:34 - Entering valid password into the password field
2024-07-28 23:33:19 [main] INFO  LoggerConfig:36 - password entered successfully
2024-07-28 23:33:21 [main] INFO  LoggerConfig:41 - Clicking login button
2024-07-28 23:33:24 [main] INFO  LoggerConfig:43 - login button clicked
2024-07-28 23:33:26 [main] INFO  LoggerConfig:48 - User is navigated to the search hotel page
2024-07-28 23:33:41 [main] INFO  LoggerConfig:22 - Login page opened
2024-07-28 23:33:48 [main] INFO  LoggerConfig:41 - Clicking login button
2024-07-28 23:33:48 [main] INFO  LoggerConfig:43 - login button clicked
2024-07-29 00:01:26 [main] INFO  com.adactinhotel.reusableComponents.LoggerConfig - Login page opened
2024-07-29 00:01:27 [main] INFO  com.adactinhotel.reusableComponents.LoggerConfig - Entering valid username into the username field
2024-07-29 00:01:27 [main] INFO  com.adactinhotel.reusableComponents.LoggerConfig - username entered successfully
2024-07-29 00:01:29 [main] INFO  com.adactinhotel.reusableComponents.LoggerConfig - Entering valid password into the password field
2024-07-29 00:01:29 [main] INFO  com.adactinhotel.reusableComponents.LoggerConfig - password entered successfully
2024-07-29 00:01:31 [main] INFO  com.adactinhotel.reusableComponents.LoggerConfig - Clicking login button
2024-07-29 00:01:32 [main] INFO  com.adactinhotel.reusableComponents.LoggerConfig - login button clicked
2024-07-29 00:01:33 [main] INFO  com.adactinhotel.reusableComponents.LoggerConfig - validating login was successful
2024-07-29 00:01:33 [main] INFO  com.adactinhotel.reusableComponents.LoggerConfig - User is navigated to the search hotel page
2024-07-29 00:01:47 [main] INFO  com.adactinhotel.reusableComponents.LoggerConfig - Login page opened
2024-07-29 00:01:48 [main] INFO  com.adactinhotel.reusableComponents.LoggerConfig - Entering an invalid username into the username field
2024-07-29 00:01:49 [main] INFO  com.adactinhotel.reusableComponents.LoggerConfig - invalid username entered successfully
2024-07-29 00:01:50 [main] INFO  com.adactinhotel.reusableComponents.LoggerConfig - Entering an invalid password into the password field
2024-07-29 00:01:50 [main] INFO  com.adactinhotel.reusableComponents.LoggerConfig - invalid password entered successfully
2024-07-29 00:01:52 [main] INFO  com.adactinhotel.reusableComponents.LoggerConfig - Clicking login button
2024-07-29 00:01:52 [main] INFO  com.adactinhotel.reusableComponents.LoggerConfig - login button clicked
2024-07-29 00:01:54 [main] INFO  com.adactinhotel.reusableComponents.LoggerConfig - validating login failed
2024-07-29 00:02:14 [main] ERROR com.adactinhotel.reusableComponents.CustomException - An Exception occurred while executing the method: verifyElementIsVisibleErrorMessage
org.openqa.selenium.TimeoutException: Expected condition failed: waiting for visibility of Proxy element for: DefaultElementLocator 'By.cssSelector: #username_show' (tried for 10 second(s) with 1000 milliseconds interval)
	at org.openqa.selenium.support.ui.FluentWait.timeoutException(FluentWait.java:265)
	at org.openqa.selenium.support.ui.FluentWait.until(FluentWait.java:228)
	at com.adactinhotel.reusableComponents.WebActions.verifyElementIsVisible(WebActions.java:94)
	at com.adactinhotel.pages.LoginPage.verifyErrorMessageIsVisible(LoginPage.java:66)
	at com.adactinhotel.stepDefinitions.LoginPageStepDef.theUserShouldGetAnErrorMessageSayingIncorrectCredentials(LoginPageStepDef.java:72)
	at java.base/jdk.internal.reflect.DirectMethodHandleAccessor.invoke(DirectMethodHandleAccessor.java:103)
	at java.base/java.lang.reflect.Method.invoke(Method.java:580)
	at io.cucumber.java.Invoker.doInvoke(Invoker.java:66)
	at io.cucumber.java.Invoker.invoke(Invoker.java:24)
	at io.cucumber.java.AbstractGlueDefinition.invokeMethod(AbstractGlueDefinition.java:47)
	at io.cucumber.java.JavaStepDefinition.execute(JavaStepDefinition.java:29)
	at io.cucumber.core.runner.CoreStepDefinition.execute(CoreStepDefinition.java:66)
	at io.cucumber.core.runner.PickleStepDefinitionMatch.runStep(PickleStepDefinitionMatch.java:63)
	at io.cucumber.core.runner.ExecutionMode$1.execute(ExecutionMode.java:10)
	at io.cucumber.core.runner.TestStep.executeStep(TestStep.java:81)
	at io.cucumber.core.runner.TestStep.run(TestStep.java:53)
	at io.cucumber.core.runner.PickleStepTestStep.run(PickleStepTestStep.java:51)
	at io.cucumber.core.runner.TestCase.run(TestCase.java:84)
	at io.cucumber.core.runner.Runner.runPickle(Runner.java:75)
	at io.cucumber.junit.PickleRunners$NoStepDescriptions.lambda$run$0(PickleRunners.java:151)
	at io.cucumber.core.runtime.CucumberExecutionContext.lambda$runTestCase$5(CucumberExecutionContext.java:136)
	at io.cucumber.core.runtime.RethrowingThrowableCollector.executeAndThrow(RethrowingThrowableCollector.java:23)
	at io.cucumber.core.runtime.CucumberExecutionContext.runTestCase(CucumberExecutionContext.java:136)
	at io.cucumber.junit.PickleRunners$NoStepDescriptions.run(PickleRunners.java:148)
	at io.cucumber.junit.FeatureRunner.runChild(FeatureRunner.java:144)
	at io.cucumber.junit.FeatureRunner.runChild(FeatureRunner.java:28)
	at org.junit.runners.ParentRunner$4.run(ParentRunner.java:331)
	at org.junit.runners.ParentRunner$1.schedule(ParentRunner.java:79)
	at org.junit.runners.ParentRunner.runChildren(ParentRunner.java:329)
	at org.junit.runners.ParentRunner.access$100(ParentRunner.java:66)
	at org.junit.runners.ParentRunner$2.evaluate(ParentRunner.java:293)
	at org.junit.runners.ParentRunner$3.evaluate(ParentRunner.java:306)
	at org.junit.runners.ParentRunner.run(ParentRunner.java:413)
	at io.cucumber.junit.FeatureRunner.run(FeatureRunner.java:137)
	at io.cucumber.junit.Cucumber.runChild(Cucumber.java:196)
	at io.cucumber.junit.Cucumber.runChild(Cucumber.java:89)
	at org.junit.runners.ParentRunner$4.run(ParentRunner.java:331)
	at org.junit.runners.ParentRunner$1.schedule(ParentRunner.java:79)
	at org.junit.runners.ParentRunner.runChildren(ParentRunner.java:329)
	at org.junit.runners.ParentRunner.access$100(ParentRunner.java:66)
	at org.junit.runners.ParentRunner$2.evaluate(ParentRunner.java:293)
	at io.cucumber.core.runtime.CucumberExecutionContext.lambda$runFeatures$6(CucumberExecutionContext.java:147)
	at io.cucumber.core.runtime.CucumberExecutionContext.execute(CucumberExecutionContext.java:162)
	at io.cucumber.core.runtime.CucumberExecutionContext.runFeatures(CucumberExecutionContext.java:145)
	at io.cucumber.junit.Cucumber$StartAndFinishTestRun.evaluate(Cucumber.java:226)
	at org.junit.runners.ParentRunner$3.evaluate(ParentRunner.java:306)
	at org.junit.runners.ParentRunner.run(ParentRunner.java:413)
	at org.junit.runner.JUnitCore.run(JUnitCore.java:137)
	at org.junit.runner.JUnitCore.run(JUnitCore.java:115)
	at org.junit.vintage.engine.execution.RunnerExecutor.execute(RunnerExecutor.java:42)
	at org.junit.vintage.engine.VintageTestEngine.executeAllChildren(VintageTestEngine.java:80)
	at org.junit.vintage.engine.VintageTestEngine.execute(VintageTestEngine.java:72)
	at org.junit.platform.launcher.core.EngineExecutionOrchestrator.execute(EngineExecutionOrchestrator.java:198)
	at org.junit.platform.launcher.core.EngineExecutionOrchestrator.execute(EngineExecutionOrchestrator.java:169)
	at org.junit.platform.launcher.core.EngineExecutionOrchestrator.execute(EngineExecutionOrchestrator.java:93)
	at org.junit.platform.launcher.core.EngineExecutionOrchestrator.lambda$execute$0(EngineExecutionOrchestrator.java:58)
	at org.junit.platform.launcher.core.EngineExecutionOrchestrator.withInterceptedStreams(EngineExecutionOrchestrator.java:141)
	at org.junit.platform.launcher.core.EngineExecutionOrchestrator.execute(EngineExecutionOrchestrator.java:57)
	at org.junit.platform.launcher.core.DefaultLauncher.execute(DefaultLauncher.java:103)
	at org.junit.platform.launcher.core.DefaultLauncher.execute(DefaultLauncher.java:85)
	at org.junit.platform.launcher.core.DelegatingLauncher.execute(DelegatingLauncher.java:47)
	at org.apache.maven.surefire.junitplatform.LazyLauncher.execute(LazyLauncher.java:56)
	at org.apache.maven.surefire.junitplatform.JUnitPlatformProvider.execute(JUnitPlatformProvider.java:184)
	at org.apache.maven.surefire.junitplatform.JUnitPlatformProvider.invokeAllTests(JUnitPlatformProvider.java:148)
	at org.apache.maven.surefire.junitplatform.JUnitPlatformProvider.invoke(JUnitPlatformProvider.java:122)
	at org.apache.maven.surefire.booter.ForkedBooter.runSuitesInProcess(ForkedBooter.java:385)
	at org.apache.maven.surefire.booter.ForkedBooter.execute(ForkedBooter.java:162)
	at org.apache.maven.surefire.booter.ForkedBooter.run(ForkedBooter.java:507)
	at org.apache.maven.surefire.booter.ForkedBooter.main(ForkedBooter.java:495)
Caused by: org.openqa.selenium.NoSuchElementException: no such element: Unable to locate element: {"method":"css selector","selector":"#username_show"}
  (Session info: chrome=127.0.6533.72)
For documentation on this error, please visit: https://www.selenium.dev/documentation/webdriver/troubleshooting/errors#no-such-element-exception
Build info: version: '4.23.0', revision: '4df0a231af'
System info: os.name: 'Windows 11', os.arch: 'amd64', os.version: '10.0', java.version: '21.0.2'
Driver info: org.openqa.selenium.chrome.ChromeDriver
Command: [d96250b17706240fdf237b03deb3ba42, findElement {value=#username_show, using=css selector}]
Capabilities {acceptInsecureCerts: false, browserName: chrome, browserVersion: 127.0.6533.72, chrome: {chromedriverVersion: 127.0.6533.72 (9755e24ca85a..., userDataDir: C:\Users\TSHIFH~1\AppData\L...}, fedcm:accounts: true, goog:chromeOptions: {debuggerAddress: localhost:57621}, networkConnectionEnabled: false, pageLoadStrategy: normal, platformName: windows, proxy: Proxy(), se:cdp: ws://localhost:57621/devtoo..., se:cdpVersion: 127.0.6533.72, setWindowRect: true, strictFileInteractability: false, timeouts: {implicit: 0, pageLoad: 300000, script: 30000}, unhandledPromptBehavior: dismiss and notify, webauthn:extension:credBlob: true, webauthn:extension:largeBlob: true, webauthn:extension:minPinLength: true, webauthn:extension:prf: true, webauthn:virtualAuthenticators: true}
Session ID: d96250b17706240fdf237b03deb3ba42
	at java.base/jdk.internal.reflect.DirectConstructorHandleAccessor.newInstance(DirectConstructorHandleAccessor.java:62)
	at java.base/java.lang.reflect.Constructor.newInstanceWithCaller(Constructor.java:502)
	at java.base/java.lang.reflect.Constructor.newInstance(Constructor.java:486)
	at org.openqa.selenium.remote.ErrorCodec.decode(ErrorCodec.java:167)
	at org.openqa.selenium.remote.codec.w3c.W3CHttpResponseCodec.decode(W3CHttpResponseCodec.java:138)
	at org.openqa.selenium.remote.codec.w3c.W3CHttpResponseCodec.decode(W3CHttpResponseCodec.java:50)
	at org.openqa.selenium.remote.HttpCommandExecutor.execute(HttpCommandExecutor.java:190)
	at org.openqa.selenium.remote.service.DriverCommandExecutor.invokeExecute(DriverCommandExecutor.java:216)
	at org.openqa.selenium.remote.service.DriverCommandExecutor.execute(DriverCommandExecutor.java:174)
	at org.openqa.selenium.remote.RemoteWebDriver.execute(RemoteWebDriver.java:527)
	at org.openqa.selenium.remote.ElementLocation$ElementFinder$2.findElement(ElementLocation.java:165)
	at org.openqa.selenium.remote.ElementLocation.findElement(ElementLocation.java:59)
	at org.openqa.selenium.remote.RemoteWebDriver.findElement(RemoteWebDriver.java:357)
	at org.openqa.selenium.remote.RemoteWebDriver.findElement(RemoteWebDriver.java:351)
	at org.openqa.selenium.support.pagefactory.DefaultElementLocator.findElement(DefaultElementLocator.java:68)
	at org.openqa.selenium.support.pagefactory.internal.LocatingElementHandler.invoke(LocatingElementHandler.java:38)
	at jdk.proxy2/jdk.proxy2.$Proxy22.isDisplayed(Unknown Source)
	at org.openqa.selenium.support.ui.ExpectedConditions.elementIfVisible(ExpectedConditions.java:304)
	at org.openqa.selenium.support.ui.ExpectedConditions$10.apply(ExpectedConditions.java:290)
	at org.openqa.selenium.support.ui.ExpectedConditions$10.apply(ExpectedConditions.java:287)
	at org.openqa.selenium.support.ui.FluentWait.until(FluentWait.java:203)
	... 67 more
2024-07-29 00:08:37 [main] INFO  com.adactinhotel.reusableComponents.LoggerConfig - Login page opened
2024-07-29 00:08:39 [main] INFO  com.adactinhotel.reusableComponents.LoggerConfig - Entering valid username into the username field
2024-07-29 00:08:39 [main] INFO  com.adactinhotel.reusableComponents.LoggerConfig - username entered successfully
2024-07-29 00:08:40 [main] INFO  com.adactinhotel.reusableComponents.LoggerConfig - Entering valid password into the password field
2024-07-29 00:08:41 [main] INFO  com.adactinhotel.reusableComponents.LoggerConfig - password entered successfully
2024-07-29 00:08:42 [main] INFO  com.adactinhotel.reusableComponents.LoggerConfig - Clicking login button
2024-07-29 00:08:43 [main] INFO  com.adactinhotel.reusableComponents.LoggerConfig - login button clicked
2024-07-29 00:08:45 [main] INFO  com.adactinhotel.reusableComponents.LoggerConfig - validating login was successful
2024-07-29 00:08:45 [main] INFO  com.adactinhotel.reusableComponents.LoggerConfig - User is navigated to the search hotel page
2024-07-29 00:08:58 [main] INFO  com.adactinhotel.reusableComponents.LoggerConfig - Login page opened
2024-07-29 00:09:00 [main] INFO  com.adactinhotel.reusableComponents.LoggerConfig - Entering an invalid username into the username field
2024-07-29 00:09:00 [main] INFO  com.adactinhotel.reusableComponents.LoggerConfig - invalid username entered successfully
2024-07-29 00:09:01 [main] INFO  com.adactinhotel.reusableComponents.LoggerConfig - Entering an invalid password into the password field
2024-07-29 00:09:02 [main] INFO  com.adactinhotel.reusableComponents.LoggerConfig - invalid password entered successfully
2024-07-29 00:09:03 [main] INFO  com.adactinhotel.reusableComponents.LoggerConfig - Clicking login button
2024-07-29 00:09:03 [main] INFO  com.adactinhotel.reusableComponents.LoggerConfig - login button clicked
2024-07-29 00:09:05 [main] INFO  com.adactinhotel.reusableComponents.LoggerConfig - validating login failed
2024-07-29 00:09:05 [main] INFO  com.adactinhotel.reusableComponents.LoggerConfig - login failed. error message is displayed
2024-07-29 08:47:08 [main] INFO  LoggerConfig - Login page opened
2024-07-29 08:47:09 [main] INFO  LoggerConfig - Entering valid username into the username field
2024-07-29 08:47:09 [main] INFO  LoggerConfig - username entered successfully
2024-07-29 08:47:11 [main] INFO  LoggerConfig - Entering valid password into the password field
2024-07-29 08:47:11 [main] INFO  LoggerConfig - password entered successfully
2024-07-29 08:47:12 [main] INFO  LoggerConfig - Clicking login button
2024-07-29 08:47:13 [main] INFO  LoggerConfig - login button clicked
2024-07-29 08:47:15 [main] INFO  LoggerConfig - validating login was successful
2024-07-29 08:47:15 [main] INFO  LoggerConfig - User is navigated to the search hotel page
2024-07-29 08:47:16 [main] INFO  LoggerConfig - User is navigated to the search hotel page
2024-07-29 08:47:17 [main] INFO  LoggerConfig - selecting location from drop down
2024-07-29 08:47:17 [main] INFO  LoggerConfig - location was selected from drop down
2024-07-29 09:27:42 [main] INFO  LoggerConfig - Login page opened
2024-07-29 09:27:43 [main] INFO  LoggerConfig - Entering valid username into the username field
2024-07-29 09:27:43 [main] INFO  LoggerConfig - username entered successfully
2024-07-29 09:27:45 [main] INFO  LoggerConfig - Entering valid password into the password field
2024-07-29 09:27:45 [main] INFO  LoggerConfig - password entered successfully
2024-07-29 09:27:46 [main] INFO  LoggerConfig - Clicking login button
2024-07-29 09:27:47 [main] INFO  LoggerConfig - login button clicked
2024-07-29 09:27:49 [main] INFO  LoggerConfig - validating login was successful
2024-07-29 09:27:49 [main] INFO  LoggerConfig - User is navigated to the search hotel page
2024-07-29 09:27:50 [main] INFO  LoggerConfig - User is navigated to the search hotel page
2024-07-29 09:27:51 [main] INFO  LoggerConfig - User fills out all fields on the search hotel page
2024-07-29 09:27:54 [main] INFO  LoggerConfig - User fills out all fields on the search hotel page
2024-07-29 09:27:55 [main] INFO  LoggerConfig - User is navigated to the select hotel page
